<?xml version="1.0" encoding="UTF-8"?>
<robot generator="Robot 7.0 (Python 3.12.1 on darwin)" generated="2024-01-16T17:45:22.593687" rpa="false" schemaversion="5">
<suite id="s1" name="Testcase" source="/Users/nerubon/Documents/robot-framework/Test-Suites/testcase.robot">
<test id="s1-t1" name="CASE_00007 lesson 7 use variable with resource environnment" line="39">
<kw name="Log To Console" owner="BuiltIn">
<arg>'welcome_message from ${ENV}::=='${welcome_message}</arg>
<doc>Logs the given message to the console.</doc>
<status status="PASS" start="2024-01-16T17:45:22.741410" elapsed="0.000204"/>
</kw>
<status status="PASS" start="2024-01-16T17:45:22.740945" elapsed="0.000792"/>
</test>
<status status="PASS" start="2024-01-16T17:45:22.595269" elapsed="0.147044"/>
</suite>
<statistics>
<total>
<stat pass="1" fail="0" skip="0">All Tests</stat>
</total>
<tag>
</tag>
<suite>
<stat pass="1" fail="0" skip="0" id="s1" name="Testcase">Testcase</stat>
</suite>
</statistics>
<errors>
<msg time="2024-01-16T17:45:22.736963" level="ERROR">Error in file '/Users/nerubon/Documents/robot-framework/Resource/Library/general.robot' on line 8: Importing library 'YAMLLibrary' failed: ModuleNotFoundError: No module named 'YAMLLibrary'
Traceback (most recent call last):
  None
PYTHONPATH:
  /Users/nerubon/.vscode/extensions/robocorp.robotframework-lsp-1.11.0/src/robotframework_debug_adapter
  /Users/nerubon/Documents/robot-framework
  /Users/nerubon/.vscode/extensions/robocorp.robotframework-lsp-1.11.0/src
  /Users/nerubon/.vscode/extensions/robocorp.robotframework-lsp-1.11.0/src/robotframework_ls/vendored
  /Library/Frameworks/Python.framework/Versions/3.12/lib/python312.zip
  /Library/Frameworks/Python.framework/Versions/3.12/lib/python3.12
  /Library/Frameworks/Python.framework/Versions/3.12/lib/python3.12/lib-dynload
  /Library/Frameworks/Python.framework/Versions/3.12/lib/python3.12/site-packages</msg>
<msg time="2024-01-16T17:45:22.737950" level="ERROR">Error in file '/Users/nerubon/Documents/robot-framework/Resource/variables/_init.resource' on line 3: Variable file 'common.yaml' does not exist.</msg>
<msg time="2024-01-16T17:45:22.738657" level="ERROR">Error in file '/Users/nerubon/Documents/robot-framework/Resource/variables/_init.resource' on line 4: Processing variable file 'variables.robot' failed: Importing variable file 'variables.robot' failed: ModuleNotFoundError: No module named 'variables'
Traceback (most recent call last):
  None
PYTHONPATH:
  /Users/nerubon/.vscode/extensions/robocorp.robotframework-lsp-1.11.0/src/robotframework_debug_adapter
  /Users/nerubon/Documents/robot-framework
  /Users/nerubon/.vscode/extensions/robocorp.robotframework-lsp-1.11.0/src
  /Users/nerubon/.vscode/extensions/robocorp.robotframework-lsp-1.11.0/src/robotframework_ls/vendored
  /Library/Frameworks/Python.framework/Versions/3.12/lib/python312.zip
  /Library/Frameworks/Python.framework/Versions/3.12/lib/python3.12
  /Library/Frameworks/Python.framework/Versions/3.12/lib/python3.12/lib-dynload
  /Library/Frameworks/Python.framework/Versions/3.12/lib/python3.12/site-packages</msg>
</errors>
</robot>
